<?xml version="1.0" encoding="UTF-8"?>
<testng-results ignored="0" total="1" passed="1" failed="0" skipped="0">
  <reporter-output>
  </reporter-output>
  <suite started-at="2024-12-07T13:42:20 IST" name="Suite" finished-at="2024-12-07T13:42:59 IST" duration-ms="39581">
    <groups>
      <group name="Master">
        <method signature="LoginTest.verifyLogin()[pri:0, instance:testCases.LoginTest@188715b5]" name="verifyLogin" class="testCases.LoginTest"/>
      </group> <!-- Master -->
      <group name="Sanity">
        <method signature="LoginTest.verifyLogin()[pri:0, instance:testCases.LoginTest@188715b5]" name="verifyLogin" class="testCases.LoginTest"/>
      </group> <!-- Sanity -->
    </groups>
    <test started-at="2024-12-07T13:42:20 IST" name="Test" finished-at="2024-12-07T13:42:59 IST" duration-ms="39581">
      <class name="testCases.LoginTest">
        <test-method is-config="true" signature="setup(java.lang.String,java.lang.String)[pri:0, instance:testCases.LoginTest@188715b5]" started-at="2024-12-07T13:42:20 IST" name="setup" finished-at="2024-12-07T13:42:51 IST" duration-ms="30477" status="PASS">
          <params>
            <param index="0">
              <value>
                <![CDATA[windows]]>
              </value>
            </param>
            <param index="1">
              <value>
                <![CDATA[chrome]]>
              </value>
            </param>
          </params>
          <reporter-output>
          </reporter-output>
        </test-method> <!-- setup -->
        <test-method signature="verifyLogin()[pri:0, instance:testCases.LoginTest@188715b5]" started-at="2024-12-07T13:42:51 IST" name="verifyLogin" finished-at="2024-12-07T13:42:59 IST" duration-ms="8125" status="PASS">
          <reporter-output>
          </reporter-output>
        </test-method> <!-- verifyLogin -->
        <test-method is-config="true" signature="tearDown()[pri:0, instance:testCases.LoginTest@188715b5]" started-at="2024-12-07T13:42:59 IST" name="tearDown" finished-at="2024-12-07T13:42:59 IST" duration-ms="415" status="PASS">
          <reporter-output>
          </reporter-output>
        </test-method> <!-- tearDown -->
      </class> <!-- testCases.LoginTest -->
    </test> <!-- Test -->
  </suite> <!-- Suite -->
</testng-results>
